<?xml version="1.0" encoding="UTF-8"?>
<testsuite name="com.eleven.logistics.gateway.GatewayApplicationTests" tests="1" skipped="0" failures="0" errors="0" timestamp="2025-03-14T15:36:34" hostname="DESKTOP-HFRP86N" time="0.81">
  <properties/>
  <testcase name="contextLoads()" classname="com.eleven.logistics.gateway.GatewayApplicationTests" time="0.81"/>
  <system-out><![CDATA[00:36:29.664 [Test worker] INFO org.springframework.test.context.support.AnnotationConfigContextLoaderUtils -- Could not detect default configuration classes for test class [com.eleven.logistics.gateway.GatewayApplicationTests]: GatewayApplicationTests does not declare any static, non-private, non-final, nested classes annotated with @Configuration.
00:36:29.801 [Test worker] INFO org.springframework.boot.test.context.SpringBootTestContextBootstrapper -- Found @SpringBootConfiguration com.eleven.logistics.gateway.GatewayApplication for test class com.eleven.logistics.gateway.GatewayApplicationTests

  .   ____          _            __ _ _
 /\\ / ___'_ __ _ _(_)_ __  __ _ \ \ \ \
( ( )\___ | '_ | '_| | '_ \/ _` | \ \ \ \
 \\/  ___)| |_)| | | | | || (_| |  ) ) ) )
  '  |____| .__|_| |_|_| |_\__, | / / / /
 =========|_|==============|___/=/_/_/_/

 :: Spring Boot ::                (v3.4.3)

2025-03-15T00:36:30.549+09:00  INFO 15748 --- [gateway-service] [    Test worker] c.e.l.gateway.GatewayApplicationTests    : Starting GatewayApplicationTests using Java 17.0.12 with PID 15748 (started by hansg in D:\dev\eleven-logistics\gateway)
2025-03-15T00:36:30.551+09:00  INFO 15748 --- [gateway-service] [    Test worker] c.e.l.gateway.GatewayApplicationTests    : No active profile set, falling back to 1 default profile: "default"
2025-03-15T00:36:32.277+09:00  INFO 15748 --- [gateway-service] [    Test worker] o.s.cloud.context.scope.GenericScope     : BeanFactory id=02037f19-eb6b-3329-9ca9-dfdc5c56411a
2025-03-15T00:36:33.351+09:00  INFO 15748 --- [gateway-service] [    Test worker] o.s.c.g.r.RouteDefinitionRouteLocator    : Loaded RoutePredicateFactory [After]
2025-03-15T00:36:33.351+09:00  INFO 15748 --- [gateway-service] [    Test worker] o.s.c.g.r.RouteDefinitionRouteLocator    : Loaded RoutePredicateFactory [Before]
2025-03-15T00:36:33.351+09:00  INFO 15748 --- [gateway-service] [    Test worker] o.s.c.g.r.RouteDefinitionRouteLocator    : Loaded RoutePredicateFactory [Between]
2025-03-15T00:36:33.351+09:00  INFO 15748 --- [gateway-service] [    Test worker] o.s.c.g.r.RouteDefinitionRouteLocator    : Loaded RoutePredicateFactory [Cookie]
2025-03-15T00:36:33.351+09:00  INFO 15748 --- [gateway-service] [    Test worker] o.s.c.g.r.RouteDefinitionRouteLocator    : Loaded RoutePredicateFactory [Header]
2025-03-15T00:36:33.351+09:00  INFO 15748 --- [gateway-service] [    Test worker] o.s.c.g.r.RouteDefinitionRouteLocator    : Loaded RoutePredicateFactory [Host]
2025-03-15T00:36:33.351+09:00  INFO 15748 --- [gateway-service] [    Test worker] o.s.c.g.r.RouteDefinitionRouteLocator    : Loaded RoutePredicateFactory [Method]
2025-03-15T00:36:33.352+09:00  INFO 15748 --- [gateway-service] [    Test worker] o.s.c.g.r.RouteDefinitionRouteLocator    : Loaded RoutePredicateFactory [Path]
2025-03-15T00:36:33.352+09:00  INFO 15748 --- [gateway-service] [    Test worker] o.s.c.g.r.RouteDefinitionRouteLocator    : Loaded RoutePredicateFactory [Query]
2025-03-15T00:36:33.352+09:00  INFO 15748 --- [gateway-service] [    Test worker] o.s.c.g.r.RouteDefinitionRouteLocator    : Loaded RoutePredicateFactory [ReadBody]
2025-03-15T00:36:33.352+09:00  INFO 15748 --- [gateway-service] [    Test worker] o.s.c.g.r.RouteDefinitionRouteLocator    : Loaded RoutePredicateFactory [RemoteAddr]
2025-03-15T00:36:33.352+09:00  INFO 15748 --- [gateway-service] [    Test worker] o.s.c.g.r.RouteDefinitionRouteLocator    : Loaded RoutePredicateFactory [XForwardedRemoteAddr]
2025-03-15T00:36:33.352+09:00  INFO 15748 --- [gateway-service] [    Test worker] o.s.c.g.r.RouteDefinitionRouteLocator    : Loaded RoutePredicateFactory [Weight]
2025-03-15T00:36:33.352+09:00  INFO 15748 --- [gateway-service] [    Test worker] o.s.c.g.r.RouteDefinitionRouteLocator    : Loaded RoutePredicateFactory [CloudFoundryRouteService]
2025-03-15T00:36:33.699+09:00  INFO 15748 --- [gateway-service] [    Test worker] o.s.b.a.e.web.EndpointLinksResolver      : Exposing 1 endpoint beneath base path '/actuator'
2025-03-15T00:36:34.010+09:00  INFO 15748 --- [gateway-service] [    Test worker] DiscoveryClientOptionalArgsConfiguration : Eureka HTTP Client uses RestTemplate.
2025-03-15T00:36:34.047+09:00  WARN 15748 --- [gateway-service] [    Test worker] iguration$LoadBalancerCaffeineWarnLogger : Spring Cloud LoadBalancer is currently working with the default cache. While this cache implementation is useful for development and tests, it's recommended to use Caffeine cache in production.You can switch to using Caffeine cache, by adding it and org.springframework.cache.caffeine.CaffeineCacheManager to the classpath.
2025-03-15T00:36:34.178+09:00  INFO 15748 --- [gateway-service] [    Test worker] c.e.l.gateway.GatewayApplicationTests    : Started GatewayApplicationTests in 4.018 seconds (process running for 5.518)
]]></system-out>
  <system-err><![CDATA[]]></system-err>
</testsuite>
